<?xml version="1.0" encoding="UTF-8"?>
<!-- Generated by org.testng.reporters.JUnitReportReporter -->
<testsuite hostname="H-ElFekey-Laptop" failures="0" tests="3" name="Tests.testing2" time="142.624" errors="0" timestamp="2023-06-23T18:41:55 EET" skipped="0">
  <testcase classname="Tests.testing2" name="tc5" time="48.934"/>
  <system-out/>
  <testcase classname="Tests.testing2" name="test1" time="52.033"/>
  <system-out/>
  <testcase classname="Tests.testing2" name="tc4" time="41.657"/>
  <system-out/>
</testsuite> <!-- Tests.testing2 -->
