<?xml version="1.0" encoding="UTF-8"?>
<!-- Generated by org.testng.reporters.JUnitReportReporter -->
<testsuite hostname="H-ElFekey-Laptop" failures="0" tests="1" name="Tests.GoogleTestCases" time="8.688" errors="0" timestamp="2023-06-23T00:16:53 EET" skipped="0">
  <testcase classname="Tests.GoogleTestCases" name="TC1" time="8.688"/>
  <system-out/>
</testsuite> <!-- Tests.GoogleTestCases -->
