<?xml version="1.0" encoding="UTF-8"?>
<!-- Generated by org.testng.reporters.JUnitReportReporter -->
<testsuite hostname="H-ElFekey-Laptop" failures="0" tests="3" name="Tests.testing" time="57.708" errors="0" timestamp="2023-06-23T17:46:41 EET" skipped="0">
  <testcase classname="Tests.testing" name="tc5" time="25.811"/>
  <system-out/>
  <testcase classname="Tests.testing" name="test1" time="21.283"/>
  <system-out/>
  <testcase classname="Tests.testing" name="tc4" time="10.614"/>
  <system-out/>
</testsuite> <!-- Tests.testing -->
